build/app/outputs/mapping/release/seeds.txt
com.hundredfaces.app.MainActivity
com.hundredfaces.app.MainActivity: MainActivity()
...
com.google.android.gms.common.api.Api$ApiOptions$NoOptions: Api$ApiOptions$NoOptions()
com.google.firebase.firestore.FirebaseFirestoreKtxRegistrar: FirebaseFirestoreKtxRegistrar()
androidx.core.view.WindowInsetsCompat$Impl: androidx.core.view.DisplayCutoutCompat getDisplayCutout()
androidx.core.view.WindowInsetsCompat$BuilderImpl30: WindowInsetsCompat$BuilderImpl30()
com.google.android.recaptcha.internal.zzhf: zzhf(int)
com.google.android.gms.internal.firebase-auth-api.zzmi: zzmi(java.util.Map,java.util.Map)
com.google.protobuf.BooleanArrayList: BooleanArrayList()
io.flutter.embedding.engine.FlutterJNI: void onEndFrame()
com.google.android.gms.internal.firebase-auth-api.zztu: void zza(com.google.android.gms.internal.firebase-auth-api.zztu,com.google.android.gms.internal.firebase-auth-api.zztq)
com.google.android.gms.internal.firebase-auth-api.zzaik: int zze(int,int)
com.google.android.gms.internal.firebase-auth-api.zzafr: long zza()
com.google.android.gms.internal.firebase-auth-api.zzvg$zza: com.google.android.gms.internal.firebase-auth-api.zzvg$zzb zzb(int)
com.google.android.gms.internal.firebase-auth-api.zzaim: java.lang.Object get(int)
com.google.android.gms.common.api.internal.BasePendingResult: com.google.android.gms.common.api.Result await()
androidx.window.layout.HardwareFoldingFeature$Type$Companion: androidx.window.layout.HardwareFoldingFeature$Type getFOLD()
kotlin.coroutines.jvm.internal.ContinuationImpl: void releaseIntercepted()
com.google.android.gms.internal.firebase-auth-api.zzbj: com.google.android.gms.internal.firebase-auth-api.zzua zza()
com.google.android.recaptcha.internal.zzfb: java.lang.String zzy()
com.google.android.gms.internal.firebase-auth-api.zzj: boolean zza(char)
com.google.android.datatransport.cct.internal.BatchedLogRequest: BatchedLogRequest()
com.google.android.recaptcha.internal.zzgp: java.lang.String zzh(int)
androidx.window.layout.WindowMetricsCalculatorCompat: android.graphics.Rect computeWindowBoundsIceCreamSandwich$window_release(android.app.Activity)
com.google.android.gms.internal.firebase-auth-api.zzav: java.lang.IllegalArgumentException zza()
androidx.window.layout.SidecarCompat$DistinctSidecarElementCallback: SidecarCompat$DistinctSidecarElementCallback(androidx.window.layout.SidecarAdapter,androidx.window.sidecar.SidecarInterface$SidecarCallback)
com.google.android.gms.internal.firebase-auth-api.zzaik: void zzl(int,int)
com.google.android.gms.tasks.Task: com.google.android.gms.tasks.Task continueWithTask(com.google.android.gms.tasks.Continuation)
com.google.android.recaptcha.internal.zzba: void zzj(com.google.android.recaptcha.internal.zzba,java.util.List)
com.google.android.gms.internal.firebase-auth-api.zzamr: zzamr(java.lang.String,int,com.google.android.gms.internal.firebase-auth-api.zzanb,int)
com.google.android.gms.internal.firebase-auth-api.zzfl: com.google.android.gms.internal.firebase-auth-api.zzfj zzb(com.google.android.gms.internal.firebase-auth-api.zzor)
com.google.android.gms.internal.firebase-auth-api.zzagk: java.lang.String zzb()
androidx.window.layout.HardwareFoldingFeature$Companion: void validateFeatureBounds$window_release(androidx.window.core.Bounds)
com.google.android.gms.internal.firebase-auth-api.zzgc: void zza(com.google.android.gms.internal.firebase-auth-api.zzakn)
com.google.android.recaptcha.internal.zzfz: com.google.android.recaptcha.internal.zzgm zza(com.google.android.recaptcha.internal.zzhy,int)
com.google.android.recaptcha.internal.zzej: zzej()
com.google.android.recaptcha.internal.zzan: kotlin.coroutines.Continuation create(java.lang.Object,kotlin.coroutines.Continuation)
com.google.android.gms.internal.firebase-auth-api.zzakr: int zza(java.lang.Object,byte[],int,int,int,com.google.android.gms.internal.firebase-auth-api.zzahk)
androidx.appcompat.widget.AppCompatSpinner: int getDropDownVerticalOffset()
com.google.android.gms.internal.firebase-auth-api.zzir$zza: zzir$zza(com.google.android.gms.internal.firebase-auth-api.zzit)